> Task :gradle-plugin:settings-plugin:checkKotlinGradlePluginConfigurationErrors
> Task :gradle-plugin:shared:checkKotlinGradlePluginConfigurationErrors
> Task :gradle-plugin:shared:compileKotlin UP-TO-DATE
> Task :gradle-plugin:shared:compileJava NO-SOURCE
> Task :gradle-plugin:shared:processResources NO-SOURCE
> Task :gradle-plugin:shared:classes UP-TO-DATE
> Task :gradle-plugin:shared:jar UP-TO-DATE
> Task :gradle-plugin:settings-plugin:compileKotlin UP-TO-DATE
> Task :gradle-plugin:settings-plugin:compileJava NO-SOURCE
> Task :gradle-plugin:settings-plugin:pluginDescriptors UP-TO-DATE
> Task :gradle-plugin:settings-plugin:processResources UP-TO-DATE
> Task :gradle-plugin:settings-plugin:classes UP-TO-DATE
> Task :gradle-plugin:settings-plugin:jar UP-TO-DATE
> Task :gradle-plugin:react-native-gradle-plugin:checkKotlinGradlePluginConfigurationErrors
> Task :gradle-plugin:react-native-gradle-plugin:compileKotlin UP-TO-DATE
> Task :gradle-plugin:react-native-gradle-plugin:compileJava NO-SOURCE
> Task :gradle-plugin:react-native-gradle-plugin:pluginDescriptors UP-TO-DATE
> Task :gradle-plugin:react-native-gradle-plugin:processResources UP-TO-DATE
> Task :gradle-plugin:react-native-gradle-plugin:classes UP-TO-DATE
> Task :gradle-plugin:react-native-gradle-plugin:jar UP-TO-DATE

> Configure project :expo

Using expo modules
  - [32mexpo-application[0m (6.0.2)
  - [32mexpo-asset[0m (11.0.5)
  - [32mexpo-constants[0m (17.0.8)
  - [32mexpo-device[0m (7.0.3)
  - [32mexpo-file-system[0m (18.0.12)
  - [32mexpo-font[0m (13.0.4)
  - [32mexpo-keep-awake[0m (14.0.3)
  - [32mexpo-linear-gradient[0m (14.0.2)
  - [32mexpo-modules-core[0m (2.2.3)
  - [32mexpo-notifications[0m (0.29.14)
  - [32mexpo-splash-screen[0m (0.29.24)


> Configure project :react-native-reanimated
Android gradle plugin: 8.6.0
Gradle: 8.10.2
./gradlew : 
At line:1 char:128
+ ... cd android; ./gradlew clean assembleRelease --stacktrace > 
../build_l ...
+                 
~~~~~~~~~~~~~~~~~~~~~~~~~~~~~~~~~~~~~~~~~~~~~~~~~~~~~~~~~
    + CategoryInfo          : NotSpecified: (:String) [], RemoteExce 
   ption
    + FullyQualifiedErrorId : NativeCommandError
 
FAILURE: Build failed with an exception.

* What went wrong:
Could not determine the dependencies of task 
':react-native-reanimated:bundleReleaseLocalLintAar'.
> Cannot query the value of this property because it has no value 
available.

* Try:
> Run with --info or --debug option to get more log output.
> Run with --scan to get full insights.
> Get more help at https://help.gradle.org.

* Exception is:
org.gradle.api.internal.tasks.TaskDependencyResolveException: Could 
not determine the dependencies of task 
':react-native-reanimated:bundleReleaseLocalLintAar'.
	at org.gradle.api.internal.tasks.CachingTaskDependencyResolveContext
.getDependencies(CachingTaskDependencyResolveContext.java:70)
	at org.gradle.execution.plan.TaskDependencyResolver.resolveDependenc
iesFor(TaskDependencyResolver.java:49)
	at org.gradle.execution.plan.LocalTaskNode.getDependencies(LocalTask
Node.java:148)
	at org.gradle.execution.plan.LocalTaskNode.resolveDependencies(Local
TaskNode.java:122)
	at org.gradle.execution.plan.DefaultExecutionPlan.discoverNodeRelati
onships(DefaultExecutionPlan.java:182)
	at org.gradle.execution.plan.DefaultExecutionPlan.doAddEntryNodes(De
faultExecutionPlan.java:154)
	at org.gradle.execution.plan.DefaultExecutionPlan.addEntryTasks(Defa
ultExecutionPlan.java:129)
	at org.gradle.execution.plan.DefaultExecutionPlan.addEntryTasks(Defa
ultExecutionPlan.java:121)
	at org.gradle.execution.TaskNameResolvingBuildTaskScheduler.schedule
RequestedTasks(TaskNameResolvingBuildTaskScheduler.java:54)
	at org.gradle.execution.DefaultTasksBuildTaskScheduler.scheduleReque
stedTasks(DefaultTasksBuildTaskScheduler.java:72)
	at org.gradle.initialization.DefaultTaskExecutionPreparer.lambda$sch
eduleRequestedTasks$0(DefaultTaskExecutionPreparer.java:46)
	at org.gradle.internal.Factories$1.create(Factories.java:31)
	at org.gradle.internal.work.DefaultWorkerLeaseService.withReplacedLo
cks(DefaultWorkerLeaseService.java:359)
	at org.gradle.api.internal.project.DefaultProjectStateRegistry$Defau
ltBuildProjectRegistry.withMutableStateOfAllProjects(DefaultProjectSt
ateRegistry.java:238)
	at org.gradle.api.internal.project.DefaultProjectStateRegistry$Defau
ltBuildProjectRegistry.withMutableStateOfAllProjects(DefaultProjectSt
ateRegistry.java:231)
	at org.gradle.initialization.DefaultTaskExecutionPreparer.scheduleRe
questedTasks(DefaultTaskExecutionPreparer.java:45)
	at org.gradle.initialization.VintageBuildModelController.lambda$sche
duleRequestedTasks$0(VintageBuildModelController.java:76)
	at org.gradle.internal.model.StateTransitionController.lambda$inStat
e$1(StateTransitionController.java:99)
	at org.gradle.internal.model.StateTransitionController.lambda$inStat
e$2(StateTransitionController.java:114)
	at org.gradle.internal.work.DefaultSynchronizer.withLock(DefaultSync
hronizer.java:44)
	at org.gradle.internal.model.StateTransitionController.inState(State
TransitionController.java:110)
	at org.gradle.internal.model.StateTransitionController.inState(State
TransitionController.java:98)
	at org.gradle.initialization.VintageBuildModelController.scheduleReq
uestedTasks(VintageBuildModelController.java:76)
	at org.gradle.internal.build.DefaultBuildLifecycleController$Default
WorkGraphBuilder.addRequestedTasks(DefaultBuildLifecycleController.ja
va:404)
	at org.gradle.internal.buildtree.DefaultBuildTreeWorkPreparer.lambda
$scheduleRequestedTasks$0(DefaultBuildTreeWorkPreparer.java:41)
	at org.gradle.internal.build.DefaultBuildLifecycleController.lambda$
populateWorkGraph$7(DefaultBuildLifecycleController.java:189)
	at org.gradle.internal.build.DefaultBuildWorkPreparer.populateWorkGr
aph(DefaultBuildWorkPreparer.java:42)
	at org.gradle.internal.build.BuildOperationFiringBuildWorkPreparer$P
opulateWorkGraph.populateTaskGraph(BuildOperationFiringBuildWorkPrepa
rer.java:106)
	at org.gradle.internal.build.BuildOperationFiringBuildWorkPreparer$P
opulateWorkGraph.run(BuildOperationFiringBuildWorkPreparer.java:92)
	at org.gradle.internal.operations.DefaultBuildOperationRunner$1.exec
ute(DefaultBuildOperationRunner.java:29)
	at org.gradle.internal.operations.DefaultBuildOperationRunner$1.exec
ute(DefaultBuildOperationRunner.java:26)
	at org.gradle.internal.operations.DefaultBuildOperationRunner$2.exec
ute(DefaultBuildOperationRunner.java:66)
	at org.gradle.internal.operations.DefaultBuildOperationRunner$2.exec
ute(DefaultBuildOperationRunner.java:59)
	at org.gradle.internal.operations.DefaultBuildOperationRunner.execut
e(DefaultBuildOperationRunner.java:166)
	at org.gradle.internal.operations.DefaultBuildOperationRunner.execut
e(DefaultBuildOperationRunner.java:59)
	at org.gradle.internal.operations.DefaultBuildOperationRunner.run(De
faultBuildOperationRunner.java:47)
	at org.gradle.internal.build.BuildOperationFiringBuildWorkPreparer.p
opulateWorkGraph(BuildOperationFiringBuildWorkPreparer.java:67)
	at org.gradle.internal.build.DefaultBuildLifecycleController.lambda$
populateWorkGraph$8(DefaultBuildLifecycleController.java:189)
	at org.gradle.internal.model.StateTransitionController.lambda$inStat
e$1(StateTransitionController.java:99)
	at org.gradle.internal.model.StateTransitionController.lambda$inStat
e$2(StateTransitionController.java:114)
	at org.gradle.internal.work.DefaultSynchronizer.withLock(DefaultSync
hronizer.java:44)
	at org.gradle.internal.model.StateTransitionController.inState(State
TransitionController.java:110)
	at org.gradle.internal.model.StateTransitionController.inState(State
TransitionController.java:98)
	at org.gradle.internal.build.DefaultBuildLifecycleController.populat
eWorkGraph(DefaultBuildLifecycleController.java:189)
	at org.gradle.internal.build.DefaultBuildWorkGraphController$Default
BuildWorkGraph.populateWorkGraph(DefaultBuildWorkGraphController.java
:169)
	at org.gradle.composite.internal.DefaultBuildController.populateWork
Graph(DefaultBuildController.java:76)
	at org.gradle.composite.internal.DefaultIncludedBuildTaskGraph$Defau
ltBuildTreeWorkGraphBuilder.withWorkGraph(DefaultIncludedBuildTaskGra
ph.java:153)
	at org.gradle.internal.buildtree.DefaultBuildTreeWorkPreparer.lambda
$scheduleRequestedTasks$1(DefaultBuildTreeWorkPreparer.java:41)
	at org.gradle.composite.internal.DefaultIncludedBuildTaskGraph$Defau
ltBuildTreeWorkGraph$1.run(DefaultIncludedBuildTaskGraph.java:209)
	at org.gradle.internal.operations.DefaultBuildOperationRunner$1.exec
ute(DefaultBuildOperationRunner.java:29)
	at org.gradle.internal.operations.DefaultBuildOperationRunner$1.exec
ute(DefaultBuildOperationRunner.java:26)
	at org.gradle.internal.operations.DefaultBuildOperationRunner$2.exec
ute(DefaultBuildOperationRunner.java:66)
	at org.gradle.internal.operations.DefaultBuildOperationRunner$2.exec
ute(DefaultBuildOperationRunner.java:59)
	at org.gradle.internal.operations.DefaultBuildOperationRunner.execut
e(DefaultBuildOperationRunner.java:166)
	at org.gradle.internal.operations.DefaultBuildOperationRunner.execut
e(DefaultBuildOperationRunner.java:59)
	at org.gradle.internal.operations.DefaultBuildOperationRunner.run(De
faultBuildOperationRunner.java:47)
	at org.gradle.composite.internal.DefaultIncludedBuildTaskGraph$Defau
ltBuildTreeWorkGraph.scheduleWork(DefaultIncludedBuildTaskGraph.java:
204)
	at org.gradle.internal.buildtree.DefaultBuildTreeWorkPreparer.schedu
leRequestedTasks(DefaultBuildTreeWorkPreparer.java:37)
	at org.gradle.internal.cc.impl.VintageBuildTreeWorkController$schedu
leAndRunRequestedTasks$1.apply(VintageBuildTreeWorkController.kt:36)
	at org.gradle.internal.cc.impl.VintageBuildTreeWorkController$schedu
leAndRunRequestedTasks$1.apply(VintageBuildTreeWorkController.kt:35)
	at org.gradle.composite.internal.DefaultIncludedBuildTaskGraph.withN
ewWorkGraph(DefaultIncludedBuildTaskGraph.java:112)
	at org.gradle.internal.cc.impl.VintageBuildTreeWorkController.schedu
leAndRunRequestedTasks(VintageBuildTreeWorkController.kt:35)
	at org.gradle.internal.buildtree.DefaultBuildTreeLifecycleController
.lambda$scheduleAndRunTasks$1(DefaultBuildTreeLifecycleController.jav
a:77)
	at org.gradle.internal.buildtree.DefaultBuildTreeLifecycleController
.lambda$runBuild$4(DefaultBuildTreeLifecycleController.java:120)
	at org.gradle.internal.model.StateTransitionController.lambda$transi
tion$6(StateTransitionController.java:169)
	at org.gradle.internal.model.StateTransitionController.doTransition(
StateTransitionController.java:266)
	at org.gradle.internal.model.StateTransitionController.lambda$transi
tion$7(StateTransitionController.java:169)
	at org.gradle.internal.work.DefaultSynchronizer.withLock(DefaultSync
hronizer.java:44)
	at org.gradle.internal.model.StateTransitionController.transition(St
ateTransitionController.java:169)
	at org.gradle.internal.buildtree.DefaultBuildTreeLifecycleController
.runBuild(DefaultBuildTreeLifecycleController.java:117)
	at org.gradle.internal.buildtree.DefaultBuildTreeLifecycleController
.scheduleAndRunTasks(DefaultBuildTreeLifecycleController.java:77)
	at org.gradle.internal.buildtree.DefaultBuildTreeLifecycleController
.scheduleAndRunTasks(DefaultBuildTreeLifecycleController.java:72)
	at org.gradle.tooling.internal.provider.ExecuteBuildActionRunner.run
(ExecuteBuildActionRunner.java:31)
	at org.gradle.launcher.exec.ChainingBuildActionRunner.run(ChainingBu
ildActionRunner.java:35)
	at org.gradle.internal.buildtree.ProblemReportingBuildActionRunner.r
un(ProblemReportingBuildActionRunner.java:49)
	at org.gradle.launcher.exec.BuildOutcomeReportingBuildActionRunner.r
un(BuildOutcomeReportingBuildActionRunner.java:65)
	at org.gradle.tooling.internal.provider.FileSystemWatchingBuildActio
nRunner.run(FileSystemWatchingBuildActionRunner.java:140)
	at org.gradle.launcher.exec.BuildCompletionNotifyingBuildActionRunne
r.run(BuildCompletionNotifyingBuildActionRunner.java:41)
	at org.gradle.launcher.exec.RootBuildLifecycleBuildActionExecutor.la
mbda$execute$0(RootBuildLifecycleBuildActionExecutor.java:54)
	at org.gradle.composite.internal.DefaultRootBuildState.run(DefaultRo
otBuildState.java:130)
	at org.gradle.launcher.exec.RootBuildLifecycleBuildActionExecutor.ex
ecute(RootBuildLifecycleBuildActionExecutor.java:54)
	at org.gradle.internal.buildtree.InitDeprecationLoggingActionExecuto
r.execute(InitDeprecationLoggingActionExecutor.java:62)
	at org.gradle.internal.buildtree.InitProblems.execute(InitProblems.j
ava:36)
	at org.gradle.internal.buildtree.DefaultBuildTreeContext.execute(Def
aultBuildTreeContext.java:40)
	at org.gradle.launcher.exec.BuildTreeLifecycleBuildActionExecutor.la
mbda$execute$0(BuildTreeLifecycleBuildActionExecutor.java:71)
	at org.gradle.internal.buildtree.BuildTreeState.run(BuildTreeState.j
ava:60)
	at org.gradle.launcher.exec.BuildTreeLifecycleBuildActionExecutor.ex
ecute(BuildTreeLifecycleBuildActionExecutor.java:71)
	at org.gradle.launcher.exec.RunAsBuildOperationBuildActionExecutor$3
.call(RunAsBuildOperationBuildActionExecutor.java:61)
	at org.gradle.launcher.exec.RunAsBuildOperationBuildActionExecutor$3
.call(RunAsBuildOperationBuildActionExecutor.java:57)
	at org.gradle.internal.operations.DefaultBuildOperationRunner$Callab
leBuildOperationWorker.execute(DefaultBuildOperationRunner.java:209)
	at org.gradle.internal.operations.DefaultBuildOperationRunner$Callab
leBuildOperationWorker.execute(DefaultBuildOperationRunner.java:204)
	at org.gradle.internal.operations.DefaultBuildOperationRunner$2.exec
ute(DefaultBuildOperationRunner.java:66)
	at org.gradle.internal.operations.DefaultBuildOperationRunner$2.exec
ute(DefaultBuildOperationRunner.java:59)
	at org.gradle.internal.operations.DefaultBuildOperationRunner.execut
e(DefaultBuildOperationRunner.java:166)
	at org.gradle.internal.operations.DefaultBuildOperationRunner.execut
e(DefaultBuildOperationRunner.java:59)
	at org.gradle.internal.operations.DefaultBuildOperationRunner.call(D
efaultBuildOperationRunner.java:53)
	at org.gradle.launcher.exec.RunAsBuildOperationBuildActionExecutor.e
xecute(RunAsBuildOperationBuildActionExecutor.java:57)
	at org.gradle.launcher.exec.RunAsWorkerThreadBuildActionExecutor.lam
bda$execute$0(RunAsWorkerThreadBuildActionExecutor.java:36)
	at org.gradle.internal.work.DefaultWorkerLeaseService.withLocks(Defa
ultWorkerLeaseService.java:263)
	at org.gradle.internal.work.DefaultWorkerLeaseService.runAsWorkerThr
ead(DefaultWorkerLeaseService.java:127)
	at org.gradle.launcher.exec.RunAsWorkerThreadBuildActionExecutor.exe
cute(RunAsWorkerThreadBuildActionExecutor.java:36)
	at org.gradle.tooling.internal.provider.continuous.ContinuousBuildAc
tionExecutor.execute(ContinuousBuildActionExecutor.java:110)
	at org.gradle.tooling.internal.provider.SubscribableBuildActionExecu
tor.execute(SubscribableBuildActionExecutor.java:64)
	at org.gradle.internal.session.DefaultBuildSessionContext.execute(De
faultBuildSessionContext.java:46)
	at org.gradle.internal.buildprocess.execution.BuildSessionLifecycleB
uildActionExecutor$ActionImpl.apply(BuildSessionLifecycleBuildActionE
xecutor.java:92)
	at org.gradle.internal.buildprocess.execution.BuildSessionLifecycleB
uildActionExecutor$ActionImpl.apply(BuildSessionLifecycleBuildActionE
xecutor.java:80)
	at org.gradle.internal.session.BuildSessionState.run(BuildSessionSta
te.java:71)
	at org.gradle.internal.buildprocess.execution.BuildSessionLifecycleB
uildActionExecutor.execute(BuildSessionLifecycleBuildActionExecutor.j
ava:62)
	at org.gradle.internal.buildprocess.execution.BuildSessionLifecycleB
uildActionExecutor.execute(BuildSessionLifecycleBuildActionExecutor.j
ava:41)
	at org.gradle.internal.buildprocess.execution.StartParamsValidatingA
ctionExecutor.execute(StartParamsValidatingActionExecutor.java:64)
	at org.gradle.internal.buildprocess.execution.StartParamsValidatingA
ctionExecutor.execute(StartParamsValidatingActionExecutor.java:32)
	at org.gradle.internal.buildprocess.execution.SessionFailureReportin
gActionExecutor.execute(SessionFailureReportingActionExecutor.java:51
)
	at org.gradle.internal.buildprocess.execution.SessionFailureReportin
gActionExecutor.execute(SessionFailureReportingActionExecutor.java:39
)
	at org.gradle.internal.buildprocess.execution.SetupLoggingActionExec
utor.execute(SetupLoggingActionExecutor.java:47)
	at org.gradle.internal.buildprocess.execution.SetupLoggingActionExec
utor.execute(SetupLoggingActionExecutor.java:31)
	at org.gradle.launcher.daemon.server.exec.ExecuteBuild.doBuild(Execu
teBuild.java:70)
13 actionable tasks: 3 executed, 10 up-to-date
	at org.gradle.launcher.daemon.server.exec.BuildCommandOnly.execute(B
uildCommandOnly.java:37)
	at org.gradle.launcher.daemon.server.api.DaemonCommandExecution.proc
eed(DaemonCommandExecution.java:104)
	at org.gradle.launcher.daemon.server.exec.WatchForDisconnection.exec
ute(WatchForDisconnection.java:39)
	at org.gradle.launcher.daemon.server.api.DaemonCommandExecution.proc
eed(DaemonCommandExecution.java:104)
	at org.gradle.launcher.daemon.server.exec.ResetDeprecationLogger.exe
cute(ResetDeprecationLogger.java:29)
	at org.gradle.launcher.daemon.server.api.DaemonCommandExecution.proc
eed(DaemonCommandExecution.java:104)
	at org.gradle.launcher.daemon.server.exec.RequestStopIfSingleUsedDae
mon.execute(RequestStopIfSingleUsedDaemon.java:35)
	at org.gradle.launcher.daemon.server.api.DaemonCommandExecution.proc
eed(DaemonCommandExecution.java:104)
	at org.gradle.launcher.daemon.server.exec.ForwardClientInput.lambda$
execute$0(ForwardClientInput.java:40)
	at org.gradle.internal.daemon.clientinput.ClientInputForwarder.forwa
rdInput(ClientInputForwarder.java:80)
	at org.gradle.launcher.daemon.server.exec.ForwardClientInput.execute
(ForwardClientInput.java:37)
	at org.gradle.launcher.daemon.server.api.DaemonCommandExecution.proc
eed(DaemonCommandExecution.java:104)
	at org.gradle.launcher.daemon.server.exec.LogAndCheckHealth.execute(
LogAndCheckHealth.java:64)
	at org.gradle.launcher.daemon.server.api.DaemonCommandExecution.proc
eed(DaemonCommandExecution.java:104)
	at org.gradle.launcher.daemon.server.exec.LogToClient.doBuild(LogToC
lient.java:63)
	at org.gradle.launcher.daemon.server.exec.BuildCommandOnly.execute(B
uildCommandOnly.java:37)
	at org.gradle.launcher.daemon.server.api.DaemonCommandExecution.proc
eed(DaemonCommandExecution.java:104)
	at org.gradle.launcher.daemon.server.exec.EstablishBuildEnvironment.
doBuild(EstablishBuildEnvironment.java:84)
	at org.gradle.launcher.daemon.server.exec.BuildCommandOnly.execute(B
uildCommandOnly.java:37)
	at org.gradle.launcher.daemon.server.api.DaemonCommandExecution.proc
eed(DaemonCommandExecution.java:104)
	at org.gradle.launcher.daemon.server.exec.StartBuildOrRespondWithBus
y$1.run(StartBuildOrRespondWithBusy.java:52)
	at org.gradle.launcher.daemon.server.DaemonStateCoordinator.lambda$r
unCommand$0(DaemonStateCoordinator.java:321)
	at org.gradle.internal.concurrent.ExecutorPolicy$CatchAndRecordFailu
res.onExecute(ExecutorPolicy.java:64)
	at org.gradle.internal.concurrent.AbstractManagedExecutor$1.run(Abst
ractManagedExecutor.java:48)
Caused by: org.gradle.api.internal.provider.MissingValueException: 
Cannot query the value of this property because it has no value 
available.
	at org.gradle.api.internal.provider.AbstractMinimalProvider.calculat
eOwnPresentValue(AbstractMinimalProvider.java:82)
	at org.gradle.api.internal.provider.AbstractMinimalProvider.get(Abst
ractMinimalProvider.java:100)
	at org.gradle.api.internal.provider.ProviderResolutionStrategy$2.res
olve(ProviderResolutionStrategy.java:33)
	at org.gradle.api.internal.file.collections.ProviderBackedFileCollec
tion.visitDependencies(ProviderBackedFileCollection.java:57)
	at org.gradle.api.internal.tasks.CachingTaskDependencyResolveContext
$TaskGraphImpl.getNodeValues(CachingTaskDependencyResolveContext.java
:108)
	at org.gradle.internal.graph.CachingDirectedGraphWalker$GraphWithEmp
tyEdges.getNodeValues(CachingDirectedGraphWalker.java:213)
	at org.gradle.internal.graph.CachingDirectedGraphWalker.doSearch(Cac
hingDirectedGraphWalker.java:121)
	at org.gradle.internal.graph.CachingDirectedGraphWalker.findValues(C
achingDirectedGraphWalker.java:73)
	at org.gradle.api.internal.tasks.CachingTaskDependencyResolveContext
.getDependencies(CachingTaskDependencyResolveContext.java:67)
	... 139 more


BUILD FAILED in 58s
