Starting a Gradle Daemon, 1 incompatible and 1 stopped Daemons could not be reused, use --status for details
> Task :gradle-plugin:settings-plugin:checkKotlinGradlePluginConfigurationErrors
> Task :gradle-plugin:shared:checkKotlinGradlePluginConfigurationErrors
> Task :gradle-plugin:shared:compileKotlin UP-TO-DATE
> Task :gradle-plugin:shared:compileJava NO-SOURCE
> Task :gradle-plugin:shared:processResources NO-SOURCE
> Task :gradle-plugin:shared:classes UP-TO-DATE
> Task :gradle-plugin:shared:jar UP-TO-DATE
> Task :gradle-plugin:settings-plugin:compileKotlin UP-TO-DATE
> Task :gradle-plugin:settings-plugin:compileJava NO-SOURCE
> Task :gradle-plugin:settings-plugin:pluginDescriptors UP-TO-DATE
> Task :gradle-plugin:settings-plugin:processResources UP-TO-DATE
> Task :gradle-plugin:settings-plugin:classes UP-TO-DATE
> Task :gradle-plugin:settings-plugin:jar UP-TO-DATE
> Task :gradle-plugin:react-native-gradle-plugin:checkKotlinGradlePluginConfigurationErrors
> Task :gradle-plugin:react-native-gradle-plugin:compileKotlin UP-TO-DATE
> Task :gradle-plugin:react-native-gradle-plugin:compileJava NO-SOURCE
> Task :gradle-plugin:react-native-gradle-plugin:pluginDescriptors UP-TO-DATE
> Task :gradle-plugin:react-native-gradle-plugin:processResources UP-TO-DATE
> Task :gradle-plugin:react-native-gradle-plugin:classes UP-TO-DATE
> Task :gradle-plugin:react-native-gradle-plugin:jar UP-TO-DATE

> Configure project :expo

Using expo modules
  - [32mexpo-application[0m (6.0.2)
  - [32mexpo-asset[0m (11.0.5)
  - [32mexpo-constants[0m (17.0.8)
  - [32mexpo-device[0m (7.0.3)
  - [32mexpo-file-system[0m (18.0.12)
  - [32mexpo-font[0m (13.0.4)
  - [32mexpo-keep-awake[0m (14.0.3)
  - [32mexpo-linear-gradient[0m (14.0.2)
  - [32mexpo-modules-core[0m (2.2.3)
  - [32mexpo-notifications[0m (0.29.14)
  - [32mexpo-splash-screen[0m (0.29.24)


> Configure project :react-native-reanimated
Android gradle plugin: 8.6.0
Gradle: 8.10.2
./gradlew : 
At line:1 char:67
+ ... cd android; ./gradlew clean assembleRelease 
--stacktrace > ../build_l ...
+                 
~~~~~~~~~~~~~~~~~~~~~~~~~~~~~~~~~~~~~~~~~~~~~~~~~~~~~~~~~
    + CategoryInfo          : NotSpecified: (:String) [], 
RemoteExce    ption
    + FullyQualifiedErrorId : NativeCommandError
 
FAILURE: Build failed with an exception.

* What went wrong:
Could not determine the dependencies of task 
':react-native-reanimated:bundleReleaseLocalLintAar'.
> Cannot query the value of this property because it has no 
value available.

* Try:
> Run with --info or --debug option to get more log output.
> Run with --scan to get full insights.
> Get more help at https://help.gradle.org.

* Exception is:
org.gradle.api.internal.tasks.TaskDependencyResolveException
: Could not determine the dependencies of task 
':react-native-reanimated:bundleReleaseLocalLintAar'.
	at org.gradle.api.internal.tasks.CachingTaskDependencyResol
veContext.getDependencies(CachingTaskDependencyResolveContex
t.java:70)
	at org.gradle.execution.plan.TaskDependencyResolver.resolve
DependenciesFor(TaskDependencyResolver.java:49)
	at org.gradle.execution.plan.LocalTaskNode.getDependencies(
LocalTaskNode.java:148)
	at org.gradle.execution.plan.LocalTaskNode.resolveDependenc
ies(LocalTaskNode.java:122)
	at org.gradle.execution.plan.DefaultExecutionPlan.discoverN
odeRelationships(DefaultExecutionPlan.java:182)
	at org.gradle.execution.plan.DefaultExecutionPlan.doAddEntr
yNodes(DefaultExecutionPlan.java:154)
	at org.gradle.execution.plan.DefaultExecutionPlan.addEntryT
asks(DefaultExecutionPlan.java:129)
	at org.gradle.execution.plan.DefaultExecutionPlan.addEntryT
asks(DefaultExecutionPlan.java:121)
	at org.gradle.execution.TaskNameResolvingBuildTaskScheduler
.scheduleRequestedTasks(TaskNameResolvingBuildTaskScheduler.
java:54)
	at org.gradle.execution.DefaultTasksBuildTaskScheduler.sche
duleRequestedTasks(DefaultTasksBuildTaskScheduler.java:72)
	at org.gradle.initialization.DefaultTaskExecutionPreparer.l
ambda$scheduleRequestedTasks$0(DefaultTaskExecutionPreparer.
java:46)
	at 
org.gradle.internal.Factories$1.create(Factories.java:31)
	at org.gradle.internal.work.DefaultWorkerLeaseService.withR
eplacedLocks(DefaultWorkerLeaseService.java:359)
	at org.gradle.api.internal.project.DefaultProjectStateRegis
try$DefaultBuildProjectRegistry.withMutableStateOfAllProject
s(DefaultProjectStateRegistry.java:238)
	at org.gradle.api.internal.project.DefaultProjectStateRegis
try$DefaultBuildProjectRegistry.withMutableStateOfAllProject
s(DefaultProjectStateRegistry.java:231)
	at org.gradle.initialization.DefaultTaskExecutionPreparer.s
cheduleRequestedTasks(DefaultTaskExecutionPreparer.java:45)
	at org.gradle.initialization.VintageBuildModelController.la
mbda$scheduleRequestedTasks$0(VintageBuildModelController.ja
va:76)
	at org.gradle.internal.model.StateTransitionController.lamb
da$inState$1(StateTransitionController.java:99)
	at org.gradle.internal.model.StateTransitionController.lamb
da$inState$2(StateTransitionController.java:114)
	at org.gradle.internal.work.DefaultSynchronizer.withLock(De
faultSynchronizer.java:44)
	at org.gradle.internal.model.StateTransitionController.inSt
ate(StateTransitionController.java:110)
	at org.gradle.internal.model.StateTransitionController.inSt
ate(StateTransitionController.java:98)
	at org.gradle.initialization.VintageBuildModelController.sc
heduleRequestedTasks(VintageBuildModelController.java:76)
	at org.gradle.internal.build.DefaultBuildLifecycleControlle
r$DefaultWorkGraphBuilder.addRequestedTasks(DefaultBuildLife
cycleController.java:404)
	at org.gradle.internal.buildtree.DefaultBuildTreeWorkPrepar
er.lambda$scheduleRequestedTasks$0(DefaultBuildTreeWorkPrepa
rer.java:41)
	at org.gradle.internal.build.DefaultBuildLifecycleControlle
r.lambda$populateWorkGraph$7(DefaultBuildLifecycleController
.java:189)
	at org.gradle.internal.build.DefaultBuildWorkPreparer.popul
ateWorkGraph(DefaultBuildWorkPreparer.java:42)
	at org.gradle.internal.build.BuildOperationFiringBuildWorkP
reparer$PopulateWorkGraph.populateTaskGraph(BuildOperationFi
ringBuildWorkPreparer.java:106)
	at org.gradle.internal.build.BuildOperationFiringBuildWorkP
reparer$PopulateWorkGraph.run(BuildOperationFiringBuildWorkP
reparer.java:92)
	at org.gradle.internal.operations.DefaultBuildOperationRunn
er$1.execute(DefaultBuildOperationRunner.java:29)
	at org.gradle.internal.operations.DefaultBuildOperationRunn
er$1.execute(DefaultBuildOperationRunner.java:26)
	at org.gradle.internal.operations.DefaultBuildOperationRunn
er$2.execute(DefaultBuildOperationRunner.java:66)
	at org.gradle.internal.operations.DefaultBuildOperationRunn
er$2.execute(DefaultBuildOperationRunner.java:59)
	at org.gradle.internal.operations.DefaultBuildOperationRunn
er.execute(DefaultBuildOperationRunner.java:166)
	at org.gradle.internal.operations.DefaultBuildOperationRunn
er.execute(DefaultBuildOperationRunner.java:59)
	at org.gradle.internal.operations.DefaultBuildOperationRunn
er.run(DefaultBuildOperationRunner.java:47)
	at org.gradle.internal.build.BuildOperationFiringBuildWorkP
reparer.populateWorkGraph(BuildOperationFiringBuildWorkPrepa
rer.java:67)
	at org.gradle.internal.build.DefaultBuildLifecycleControlle
r.lambda$populateWorkGraph$8(DefaultBuildLifecycleController
.java:189)
	at org.gradle.internal.model.StateTransitionController.lamb
da$inState$1(StateTransitionController.java:99)
	at org.gradle.internal.model.StateTransitionController.lamb
da$inState$2(StateTransitionController.java:114)
	at org.gradle.internal.work.DefaultSynchronizer.withLock(De
faultSynchronizer.java:44)
	at org.gradle.internal.model.StateTransitionController.inSt
ate(StateTransitionController.java:110)
	at org.gradle.internal.model.StateTransitionController.inSt
ate(StateTransitionController.java:98)
	at org.gradle.internal.build.DefaultBuildLifecycleControlle
r.populateWorkGraph(DefaultBuildLifecycleController.java:189
)
	at org.gradle.internal.build.DefaultBuildWorkGraphControlle
r$DefaultBuildWorkGraph.populateWorkGraph(DefaultBuildWorkGr
aphController.java:169)
	at org.gradle.composite.internal.DefaultBuildController.pop
ulateWorkGraph(DefaultBuildController.java:76)
	at org.gradle.composite.internal.DefaultIncludedBuildTaskGr
aph$DefaultBuildTreeWorkGraphBuilder.withWorkGraph(DefaultIn
cludedBuildTaskGraph.java:153)
	at org.gradle.internal.buildtree.DefaultBuildTreeWorkPrepar
er.lambda$scheduleRequestedTasks$1(DefaultBuildTreeWorkPrepa
rer.java:41)
	at org.gradle.composite.internal.DefaultIncludedBuildTaskGr
aph$DefaultBuildTreeWorkGraph$1.run(DefaultIncludedBuildTask
Graph.java:209)
	at org.gradle.internal.operations.DefaultBuildOperationRunn
er$1.execute(DefaultBuildOperationRunner.java:29)
	at org.gradle.internal.operations.DefaultBuildOperationRunn
er$1.execute(DefaultBuildOperationRunner.java:26)
	at org.gradle.internal.operations.DefaultBuildOperationRunn
er$2.execute(DefaultBuildOperationRunner.java:66)
	at org.gradle.internal.operations.DefaultBuildOperationRunn
er$2.execute(DefaultBuildOperationRunner.java:59)
	at org.gradle.internal.operations.DefaultBuildOperationRunn
er.execute(DefaultBuildOperationRunner.java:166)
	at org.gradle.internal.operations.DefaultBuildOperationRunn
er.execute(DefaultBuildOperationRunner.java:59)
	at org.gradle.internal.operations.DefaultBuildOperationRunn
er.run(DefaultBuildOperationRunner.java:47)
	at org.gradle.composite.internal.DefaultIncludedBuildTaskGr
aph$DefaultBuildTreeWorkGraph.scheduleWork(DefaultIncludedBu
ildTaskGraph.java:204)
	at org.gradle.internal.buildtree.DefaultBuildTreeWorkPrepar
er.scheduleRequestedTasks(DefaultBuildTreeWorkPreparer.java:
37)
	at org.gradle.internal.cc.impl.VintageBuildTreeWorkControll
er$scheduleAndRunRequestedTasks$1.apply(VintageBuildTreeWork
Controller.kt:36)
	at org.gradle.internal.cc.impl.VintageBuildTreeWorkControll
er$scheduleAndRunRequestedTasks$1.apply(VintageBuildTreeWork
Controller.kt:35)
	at org.gradle.composite.internal.DefaultIncludedBuildTaskGr
aph.withNewWorkGraph(DefaultIncludedBuildTaskGraph.java:112)
	at org.gradle.internal.cc.impl.VintageBuildTreeWorkControll
er.scheduleAndRunRequestedTasks(VintageBuildTreeWorkControll
er.kt:35)
	at org.gradle.internal.buildtree.DefaultBuildTreeLifecycleC
ontroller.lambda$scheduleAndRunTasks$1(DefaultBuildTreeLifec
ycleController.java:77)
	at org.gradle.internal.buildtree.DefaultBuildTreeLifecycleC
ontroller.lambda$runBuild$4(DefaultBuildTreeLifecycleControl
ler.java:120)
	at org.gradle.internal.model.StateTransitionController.lamb
da$transition$6(StateTransitionController.java:169)
	at org.gradle.internal.model.StateTransitionController.doTr
ansition(StateTransitionController.java:266)
	at org.gradle.internal.model.StateTransitionController.lamb
da$transition$7(StateTransitionController.java:169)
	at org.gradle.internal.work.DefaultSynchronizer.withLock(De
faultSynchronizer.java:44)
	at org.gradle.internal.model.StateTransitionController.tran
sition(StateTransitionController.java:169)
	at org.gradle.internal.buildtree.DefaultBuildTreeLifecycleC
ontroller.runBuild(DefaultBuildTreeLifecycleController.java:
117)
	at org.gradle.internal.buildtree.DefaultBuildTreeLifecycleC
ontroller.scheduleAndRunTasks(DefaultBuildTreeLifecycleContr
oller.java:77)
	at org.gradle.internal.buildtree.DefaultBuildTreeLifecycleC
ontroller.scheduleAndRunTasks(DefaultBuildTreeLifecycleContr
oller.java:72)
	at org.gradle.tooling.internal.provider.ExecuteBuildActionR
unner.run(ExecuteBuildActionRunner.java:31)
	at org.gradle.launcher.exec.ChainingBuildActionRunner.run(C
hainingBuildActionRunner.java:35)
	at org.gradle.internal.buildtree.ProblemReportingBuildActio
nRunner.run(ProblemReportingBuildActionRunner.java:49)
	at org.gradle.launcher.exec.BuildOutcomeReportingBuildActio
nRunner.run(BuildOutcomeReportingBuildActionRunner.java:65)
	at org.gradle.tooling.internal.provider.FileSystemWatchingB
uildActionRunner.run(FileSystemWatchingBuildActionRunner.jav
a:140)
	at org.gradle.launcher.exec.BuildCompletionNotifyingBuildAc
tionRunner.run(BuildCompletionNotifyingBuildActionRunner.jav
a:41)
	at org.gradle.launcher.exec.RootBuildLifecycleBuildActionEx
ecutor.lambda$execute$0(RootBuildLifecycleBuildActionExecuto
r.java:54)
	at org.gradle.composite.internal.DefaultRootBuildState.run(
DefaultRootBuildState.java:130)
	at org.gradle.launcher.exec.RootBuildLifecycleBuildActionEx
ecutor.execute(RootBuildLifecycleBuildActionExecutor.java:54
)
	at org.gradle.internal.buildtree.InitDeprecationLoggingActi
onExecutor.execute(InitDeprecationLoggingActionExecutor.java
:62)
	at org.gradle.internal.buildtree.InitProblems.execute(InitP
roblems.java:36)
	at org.gradle.internal.buildtree.DefaultBuildTreeContext.ex
ecute(DefaultBuildTreeContext.java:40)
	at org.gradle.launcher.exec.BuildTreeLifecycleBuildActionEx
ecutor.lambda$execute$0(BuildTreeLifecycleBuildActionExecuto
r.java:71)
	at org.gradle.internal.buildtree.BuildTreeState.run(BuildTr
eeState.java:60)
	at org.gradle.launcher.exec.BuildTreeLifecycleBuildActionEx
ecutor.execute(BuildTreeLifecycleBuildActionExecutor.java:71
)
	at org.gradle.launcher.exec.RunAsBuildOperationBuildActionE
xecutor$3.call(RunAsBuildOperationBuildActionExecutor.java:6
1)
	at org.gradle.launcher.exec.RunAsBuildOperationBuildActionE
xecutor$3.call(RunAsBuildOperationBuildActionExecutor.java:5
7)
	at org.gradle.internal.operations.DefaultBuildOperationRunn
er$CallableBuildOperationWorker.execute(DefaultBuildOperatio
nRunner.java:209)
	at org.gradle.internal.operations.DefaultBuildOperationRunn
er$CallableBuildOperationWorker.execute(DefaultBuildOperatio
nRunner.java:204)
	at org.gradle.internal.operations.DefaultBuildOperationRunn
er$2.execute(DefaultBuildOperationRunner.java:66)
	at org.gradle.internal.operations.DefaultBuildOperationRunn
er$2.execute(DefaultBuildOperationRunner.java:59)
	at org.gradle.internal.operations.DefaultBuildOperationRunn
er.execute(DefaultBuildOperationRunner.java:166)
	at org.gradle.internal.operations.DefaultBuildOperationRunn
er.execute(DefaultBuildOperationRunner.java:59)
	at org.gradle.internal.operations.DefaultBuildOperationRunn
er.call(DefaultBuildOperationRunner.java:53)
	at org.gradle.launcher.exec.RunAsBuildOperationBuildActionE
xecutor.execute(RunAsBuildOperationBuildActionExecutor.java:
57)
	at org.gradle.launcher.exec.RunAsWorkerThreadBuildActionExe
cutor.lambda$execute$0(RunAsWorkerThreadBuildActionExecutor.
java:36)
	at org.gradle.internal.work.DefaultWorkerLeaseService.withL
ocks(DefaultWorkerLeaseService.java:263)
	at org.gradle.internal.work.DefaultWorkerLeaseService.runAs
WorkerThread(DefaultWorkerLeaseService.java:127)
	at org.gradle.launcher.exec.RunAsWorkerThreadBuildActionExe
cutor.execute(RunAsWorkerThreadBuildActionExecutor.java:36)
	at org.gradle.tooling.internal.provider.continuous.Continuo
usBuildActionExecutor.execute(ContinuousBuildActionExecutor.
java:110)
	at org.gradle.tooling.internal.provider.SubscribableBuildAc
tionExecutor.execute(SubscribableBuildActionExecutor.java:64
)
	at org.gradle.internal.session.DefaultBuildSessionContext.e
xecute(DefaultBuildSessionContext.java:46)
	at org.gradle.internal.buildprocess.execution.BuildSessionL
ifecycleBuildActionExecutor$ActionImpl.apply(BuildSessionLif
ecycleBuildActionExecutor.java:92)
	at org.gradle.internal.buildprocess.execution.BuildSessionL
ifecycleBuildActionExecutor$ActionImpl.apply(BuildSessionLif
ecycleBuildActionExecutor.java:80)
	at org.gradle.internal.session.BuildSessionState.run(BuildS
essionState.java:71)
	at org.gradle.internal.buildprocess.execution.BuildSessionL
ifecycleBuildActionExecutor.execute(BuildSessionLifecycleBui
ldActionExecutor.java:62)
	at org.gradle.internal.buildprocess.execution.BuildSessionL
ifecycleBuildActionExecutor.execute(BuildSessionLifecycleBui
ldActionExecutor.java:41)
	at org.gradle.internal.buildprocess.execution.StartParamsVa
lidatingActionExecutor.execute(StartParamsValidatingActionEx
ecutor.java:64)
	at org.gradle.internal.buildprocess.execution.StartParamsVa
lidatingActionExecutor.execute(StartParamsValidatingActionEx
ecutor.java:32)
	at org.gradle.internal.buildprocess.execution.SessionFailur
eReportingActionExecutor.execute(SessionFailureReportingActi
onExecutor.java:51)
	at org.gradle.internal.buildprocess.execution.SessionFailur
eReportingActionExecutor.execute(SessionFailureReportingActi
onExecutor.java:39)
	at org.gradle.internal.buildprocess.execution.SetupLoggingA
ctionExecutor.execute(SetupLoggingActionExecutor.java:47)
	at org.gradle.internal.buildprocess.execution.SetupLoggingA
ctionExecutor.execute(SetupLoggingActionExecutor.java:31)
	at org.gradle.launcher.daemon.server.exec.ExecuteBuild.doBu
ild(ExecuteBuild.java:70)
13 actionable tasks: 3 executed, 10 up-to-date
	at org.gradle.launcher.daemon.server.exec.BuildCommandOnly.
execute(BuildCommandOnly.java:37)
	at org.gradle.launcher.daemon.server.api.DaemonCommandExecu
tion.proceed(DaemonCommandExecution.java:104)
	at org.gradle.launcher.daemon.server.exec.WatchForDisconnec
tion.execute(WatchForDisconnection.java:39)
	at org.gradle.launcher.daemon.server.api.DaemonCommandExecu
tion.proceed(DaemonCommandExecution.java:104)
	at org.gradle.launcher.daemon.server.exec.ResetDeprecationL
ogger.execute(ResetDeprecationLogger.java:29)
	at org.gradle.launcher.daemon.server.api.DaemonCommandExecu
tion.proceed(DaemonCommandExecution.java:104)
	at org.gradle.launcher.daemon.server.exec.RequestStopIfSing
leUsedDaemon.execute(RequestStopIfSingleUsedDaemon.java:35)
	at org.gradle.launcher.daemon.server.api.DaemonCommandExecu
tion.proceed(DaemonCommandExecution.java:104)
	at org.gradle.launcher.daemon.server.exec.ForwardClientInpu
t.lambda$execute$0(ForwardClientInput.java:40)
	at org.gradle.internal.daemon.clientinput.ClientInputForwar
der.forwardInput(ClientInputForwarder.java:80)
	at org.gradle.launcher.daemon.server.exec.ForwardClientInpu
t.execute(ForwardClientInput.java:37)
	at org.gradle.launcher.daemon.server.api.DaemonCommandExecu
tion.proceed(DaemonCommandExecution.java:104)
	at org.gradle.launcher.daemon.server.exec.LogAndCheckHealth
.execute(LogAndCheckHealth.java:64)
	at org.gradle.launcher.daemon.server.api.DaemonCommandExecu
tion.proceed(DaemonCommandExecution.java:104)
	at org.gradle.launcher.daemon.server.exec.LogToClient.doBui
ld(LogToClient.java:63)
	at org.gradle.launcher.daemon.server.exec.BuildCommandOnly.
execute(BuildCommandOnly.java:37)
	at org.gradle.launcher.daemon.server.api.DaemonCommandExecu
tion.proceed(DaemonCommandExecution.java:104)
	at org.gradle.launcher.daemon.server.exec.EstablishBuildEnv
ironment.doBuild(EstablishBuildEnvironment.java:84)
	at org.gradle.launcher.daemon.server.exec.BuildCommandOnly.
execute(BuildCommandOnly.java:37)
	at org.gradle.launcher.daemon.server.api.DaemonCommandExecu
tion.proceed(DaemonCommandExecution.java:104)
	at org.gradle.launcher.daemon.server.exec.StartBuildOrRespo
ndWithBusy$1.run(StartBuildOrRespondWithBusy.java:52)
	at org.gradle.launcher.daemon.server.DaemonStateCoordinator
.lambda$runCommand$0(DaemonStateCoordinator.java:321)
	at org.gradle.internal.concurrent.ExecutorPolicy$CatchAndRe
cordFailures.onExecute(ExecutorPolicy.java:64)
	at org.gradle.internal.concurrent.AbstractManagedExecutor$1
.run(AbstractManagedExecutor.java:48)
Caused by: 
org.gradle.api.internal.provider.MissingValueException: 
Cannot query the value of this property because it has no 
value available.
	at org.gradle.api.internal.provider.AbstractMinimalProvider
.calculateOwnPresentValue(AbstractMinimalProvider.java:82)
	at org.gradle.api.internal.provider.AbstractMinimalProvider
.get(AbstractMinimalProvider.java:100)
	at org.gradle.api.internal.provider.ProviderResolutionStrat
egy$2.resolve(ProviderResolutionStrategy.java:33)
	at org.gradle.api.internal.file.collections.ProviderBackedF
ileCollection.visitDependencies(ProviderBackedFileCollection
.java:57)
	at org.gradle.api.internal.tasks.CachingTaskDependencyResol
veContext$TaskGraphImpl.getNodeValues(CachingTaskDependencyR
esolveContext.java:108)
	at org.gradle.internal.graph.CachingDirectedGraphWalker$Gra
phWithEmptyEdges.getNodeValues(CachingDirectedGraphWalker.ja
va:213)
	at org.gradle.internal.graph.CachingDirectedGraphWalker.doS
earch(CachingDirectedGraphWalker.java:121)
	at org.gradle.internal.graph.CachingDirectedGraphWalker.fin
dValues(CachingDirectedGraphWalker.java:73)
	at org.gradle.api.internal.tasks.CachingTaskDependencyResol
veContext.getDependencies(CachingTaskDependencyResolveContex
t.java:67)
	... 139 more


BUILD FAILED in 1m 52s
